<?xml version="1.0" encoding="UTF-8"?>
<!-- Generated by org.testng.reporters.JUnitXMLReporter -->
<testsuite ignored="0" hostname="DESKTOP-FUG0H6V" failures="0" tests="3" name="BatchExecutionTest" time="0.132" errors="0" timestamp="2022-12-08T12:14:09 IST">
  <testcase classname="Practice.Baseclass" name="@BeforeClass launchbrowser" time="-1.670481849756E9">
    <failure type="org.testng.TestNGException" message="
Parameter &amp;apos;browser&amp;apos; is required by BeforeClass on method launchbrowser but has not been marked @Optional or defined
in C:\Users\DELL\eclipse-workspace\SDET36L1_SeleniumFramework\testng.xml">
      <![CDATA[org.testng.TestNGException: 
Parameter 'browser' is required by BeforeClass on method launchbrowser but has not been marked @Optional or defined
in C:\Users\DELL\eclipse-workspace\SDET36L1_SeleniumFramework\testng.xml
at java.base/java.util.ArrayList.forEach(ArrayList.java:1511)
... Removed 22 stack frames]]>
    </failure>
  </testcase> <!-- @BeforeClass launchbrowser -->
  <testcase classname="Practice.Baseclass" name="@AfterClass closebrowser" time="0.001">
    <failure type="java.lang.NullPointerException" message="Cannot invoke &amp;quot;org.openqa.selenium.WebDriver.close()&amp;quot; because &amp;quot;this.driver&amp;quot; is null">
      <![CDATA[java.lang.NullPointerException: Cannot invoke "org.openqa.selenium.WebDriver.close()" because "this.driver" is null
at Practice.Baseclass.closebrowser(Baseclass.java:54)
at java.base/java.util.ArrayList.forEach(ArrayList.java:1511)
... Removed 25 stack frames]]>
    </failure>
  </testcase> <!-- @AfterClass closebrowser -->
  <testcase classname="Practice.Baseclass" name="@BeforeClass launchbrowser" time="-1.670481849825E9">
    <failure type="org.testng.TestNGException" message="
Parameter &amp;apos;browser&amp;apos; is required by BeforeClass on method launchbrowser but has not been marked @Optional or defined
in C:\Users\DELL\eclipse-workspace\SDET36L1_SeleniumFramework\testng.xml">
      <![CDATA[org.testng.TestNGException: 
Parameter 'browser' is required by BeforeClass on method launchbrowser but has not been marked @Optional or defined
in C:\Users\DELL\eclipse-workspace\SDET36L1_SeleniumFramework\testng.xml
at java.base/java.util.ArrayList.forEach(ArrayList.java:1511)
... Removed 22 stack frames]]>
    </failure>
  </testcase> <!-- @BeforeClass launchbrowser -->
  <testcase classname="Practice.Baseclass" name="@AfterClass closebrowser" time="0.001">
    <failure type="java.lang.NullPointerException" message="Cannot invoke &amp;quot;org.openqa.selenium.WebDriver.close()&amp;quot; because &amp;quot;this.driver&amp;quot; is null">
      <![CDATA[java.lang.NullPointerException: Cannot invoke "org.openqa.selenium.WebDriver.close()" because "this.driver" is null
at Practice.Baseclass.closebrowser(Baseclass.java:54)
at java.base/java.util.ArrayList.forEach(ArrayList.java:1511)
... Removed 25 stack frames]]>
    </failure>
  </testcase> <!-- @AfterClass closebrowser -->
  <testcase classname="Practice.Baseclass" name="@BeforeClass launchbrowser" time="-1.670481849839E9">
    <failure type="org.testng.TestNGException" message="
Parameter &amp;apos;browser&amp;apos; is required by BeforeClass on method launchbrowser but has not been marked @Optional or defined
in C:\Users\DELL\eclipse-workspace\SDET36L1_SeleniumFramework\testng.xml">
      <![CDATA[org.testng.TestNGException: 
Parameter 'browser' is required by BeforeClass on method launchbrowser but has not been marked @Optional or defined
in C:\Users\DELL\eclipse-workspace\SDET36L1_SeleniumFramework\testng.xml
at java.base/java.util.ArrayList.forEach(ArrayList.java:1511)
... Removed 22 stack frames]]>
    </failure>
  </testcase> <!-- @BeforeClass launchbrowser -->
  <testcase classname="Practice.Baseclass" name="@AfterClass closebrowser" time="0.0">
    <failure type="java.lang.NullPointerException" message="Cannot invoke &amp;quot;org.openqa.selenium.WebDriver.close()&amp;quot; because &amp;quot;this.driver&amp;quot; is null">
      <![CDATA[java.lang.NullPointerException: Cannot invoke "org.openqa.selenium.WebDriver.close()" because "this.driver" is null
at Practice.Baseclass.closebrowser(Baseclass.java:54)
at java.base/java.util.ArrayList.forEach(ArrayList.java:1511)
... Removed 25 stack frames]]>
    </failure>
  </testcase> <!-- @AfterClass closebrowser -->
  <testcase classname="org.tyss.Practice.Amazon" name="Amazondemo" time="0.0">
    <skipped/>
  </testcase> <!-- Amazondemo -->
  <testcase classname="org.tyss.Practice.Flipkart" name="Flipkartdemo" time="0.0">
    <skipped/>
  </testcase> <!-- Flipkartdemo -->
  <testcase classname="org.tyss.Practice.actitime" name="demo" time="0.0">
    <skipped/>
  </testcase> <!-- demo -->
</testsuite> <!-- BatchExecutionTest -->
